<?xml version="1.0" encoding="UTF-8"?>
<testng-results ignored="0" total="9" passed="8" failed="1" skipped="0">
  <reporter-output>
  </reporter-output>
  <suite started-at="2019-09-19T19:12:12 IST" name="Default suite" finished-at="2019-09-19T19:12:37 IST" duration-ms="25045">
    <groups>
    </groups>
    <test started-at="2019-09-19T19:12:12 IST" name="Default test" finished-at="2019-09-19T19:12:37 IST" duration-ms="25045">
      <class name="com.toolsQA.SimpleGetTest">
        <test-method signature="DisplayAllNodesInWeatherAPI()[pri:0, instance:com.toolsQA.SimpleGetTest@6e75aa0d]" started-at="2019-09-19T19:12:12 IST" name="DisplayAllNodesInWeatherAPI" finished-at="2019-09-19T19:12:28 IST" duration-ms="16451" status="PASS">
          <reporter-output>
          </reporter-output>
        </test-method> <!-- DisplayAllNodesInWeatherAPI -->
        <test-method signature="GetWeatherDetails()[pri:0, instance:com.toolsQA.SimpleGetTest@6e75aa0d]" started-at="2019-09-19T19:12:28 IST" name="GetWeatherDetails" finished-at="2019-09-19T19:12:30 IST" duration-ms="1187" status="PASS">
          <reporter-output>
          </reporter-output>
        </test-method> <!-- GetWeatherDetails -->
        <test-method signature="GetWeatherDetailsInvalidCity()[pri:0, instance:com.toolsQA.SimpleGetTest@6e75aa0d]" started-at="2019-09-19T19:12:30 IST" name="GetWeatherDetailsInvalidCity" finished-at="2019-09-19T19:12:30 IST" duration-ms="731" status="PASS">
          <reporter-output>
          </reporter-output>
        </test-method> <!-- GetWeatherDetailsInvalidCity -->
        <test-method signature="GetWeatherHeaders()[pri:0, instance:com.toolsQA.SimpleGetTest@6e75aa0d]" started-at="2019-09-19T19:12:30 IST" name="GetWeatherHeaders" finished-at="2019-09-19T19:12:31 IST" duration-ms="685" status="PASS">
          <reporter-output>
          </reporter-output>
        </test-method> <!-- GetWeatherHeaders -->
        <test-method signature="GetWeatherStatusLine()[pri:0, instance:com.toolsQA.SimpleGetTest@6e75aa0d]" started-at="2019-09-19T19:12:31 IST" name="GetWeatherStatusLine" finished-at="2019-09-19T19:12:32 IST" duration-ms="668" status="PASS">
          <reporter-output>
          </reporter-output>
        </test-method> <!-- GetWeatherStatusLine -->
        <test-method signature="IteratingOverHeaders()[pri:0, instance:com.toolsQA.SimpleGetTest@6e75aa0d]" started-at="2019-09-19T19:12:32 IST" name="IteratingOverHeaders" finished-at="2019-09-19T19:12:32 IST" duration-ms="700" status="PASS">
          <reporter-output>
          </reporter-output>
        </test-method> <!-- IteratingOverHeaders -->
        <test-method signature="VerifyCityInJsonResponse()[pri:0, instance:com.toolsQA.SimpleGetTest@6e75aa0d]" started-at="2019-09-19T19:12:32 IST" name="VerifyCityInJsonResponse" finished-at="2019-09-19T19:12:33 IST" duration-ms="747" status="PASS">
          <reporter-output>
          </reporter-output>
        </test-method> <!-- VerifyCityInJsonResponse -->
        <test-method signature="WeatherMessageBody()[pri:0, instance:com.toolsQA.SimpleGetTest@6e75aa0d]" started-at="2019-09-19T19:12:33 IST" name="WeatherMessageBody" finished-at="2019-09-19T19:12:36 IST" duration-ms="2788" status="FAIL">
          <exception class="java.lang.AssertionError">
            <message>
              <![CDATA[Response body contains Hyderabad expected [true] but found [false]]]>
            </message>
            <full-stacktrace>
              <![CDATA[java.lang.AssertionError: Response body contains Hyderabad expected [true] but found [false]
at org.testng.Assert.fail(Assert.java:97)
at org.testng.Assert.assertEqualsImpl(Assert.java:136)
at org.testng.Assert.assertEquals(Assert.java:118)
at org.testng.Assert.assertEquals(Assert.java:751)
at com.toolsQA.SimpleGetTest.WeatherMessageBody(SimpleGetTest.java:161)
at java.base/jdk.internal.reflect.NativeMethodAccessorImpl.invoke0(Native Method)
at java.base/jdk.internal.reflect.NativeMethodAccessorImpl.invoke(NativeMethodAccessorImpl.java:62)
at java.base/jdk.internal.reflect.DelegatingMethodAccessorImpl.invoke(DelegatingMethodAccessorImpl.java:43)
at java.base/java.lang.reflect.Method.invoke(Method.java:567)
at org.testng.internal.MethodInvocationHelper.invokeMethod(MethodInvocationHelper.java:133)
at org.testng.internal.TestInvoker.invokeMethod(TestInvoker.java:584)
at org.testng.internal.TestInvoker.invokeTestMethod(TestInvoker.java:172)
at org.testng.internal.MethodRunner.runInSequence(MethodRunner.java:46)
at org.testng.internal.TestInvoker$MethodInvocationAgent.invoke(TestInvoker.java:804)
at org.testng.internal.TestInvoker.invokeTestMethods(TestInvoker.java:145)
at org.testng.internal.TestMethodWorker.invokeTestMethods(TestMethodWorker.java:146)
at org.testng.internal.TestMethodWorker.run(TestMethodWorker.java:128)
at java.base/java.util.ArrayList.forEach(ArrayList.java:1540)
at org.testng.TestRunner.privateRun(TestRunner.java:770)
at org.testng.TestRunner.run(TestRunner.java:591)
at org.testng.SuiteRunner.runTest(SuiteRunner.java:402)
at org.testng.SuiteRunner.runSequentially(SuiteRunner.java:396)
at org.testng.SuiteRunner.privateRun(SuiteRunner.java:355)
at org.testng.SuiteRunner.run(SuiteRunner.java:304)
at org.testng.SuiteRunnerWorker.runSuite(SuiteRunnerWorker.java:53)
at org.testng.SuiteRunnerWorker.run(SuiteRunnerWorker.java:96)
at org.testng.TestNG.runSuitesSequentially(TestNG.java:1180)
at org.testng.TestNG.runSuitesLocally(TestNG.java:1102)
at org.testng.TestNG.runSuites(TestNG.java:1032)
at org.testng.TestNG.run(TestNG.java:1000)
at org.testng.remote.AbstractRemoteTestNG.run(AbstractRemoteTestNG.java:115)
at org.testng.remote.RemoteTestNG.initAndRun(RemoteTestNG.java:251)
at org.testng.remote.RemoteTestNG.main(RemoteTestNG.java:77)
]]>
            </full-stacktrace>
          </exception> <!-- java.lang.AssertionError -->
          <reporter-output>
          </reporter-output>
        </test-method> <!-- WeatherMessageBody -->
        <test-method signature="getWeathreHeaders()[pri:0, instance:com.toolsQA.SimpleGetTest@6e75aa0d]" started-at="2019-09-19T19:12:36 IST" name="getWeathreHeaders" finished-at="2019-09-19T19:12:37 IST" duration-ms="625" status="PASS">
          <reporter-output>
          </reporter-output>
        </test-method> <!-- getWeathreHeaders -->
      </class> <!-- com.toolsQA.SimpleGetTest -->
    </test> <!-- Default test -->
  </suite> <!-- Default suite -->
</testng-results>
